{
  errors: {
    image: ValidatorError: Path `image` is required.
        at validate (C:\Users\Suhaim\Desktop\mern-stack-ecommerce\backend\node_modules\mongoose\lib\schemaType.js:1385:13)
        at SchemaType.doValidate (C:\Users\Suhaim\Desktop\mern-stack-ecommerce\backend\node_modules\mongoose\lib\schemaType.js:1369:7)
        at C:\Users\Suhaim\Desktop\mern-stack-ecommerce\backend\node_modules\mongoose\lib\document.js:3071:18
        at process.processTicksAndRejections (node:internal/process/task_queues:77:11) {
      properties: {
        validator: [Function (anonymous)],
        message: 'Path `image` is required.',
        type: 'required',
        path: 'image',
        fullPath: undefined,
        value: undefined
      },
      kind: 'required',
      path: 'image',
      value: undefined,
      reason: undefined,
      [Symbol(mongoose#validatorError)]: true
    }
  },
  _message: 'brands validation failed',
  level: 'error',
  message: '\tInternal Server Error brands validation failed: image: Path `image` is required.',
  stack: 'ValidationError: brands validation failed: image: Path `image` is required.\n' +
    '    at Document.invalidate (C:\\Users\\Suhaim\\Desktop\\mern-stack-ecommerce\\backend\\node_modules\\mongoose\\lib\\document.js:3318:32)\n' +
    '    at C:\\Users\\Suhaim\\Desktop\\mern-stack-ecommerce\\backend\\node_modules\\mongoose\\lib\\document.js:3079:17\n' +
    '    at C:\\Users\\Suhaim\\Desktop\\mern-stack-ecommerce\\backend\\node_modules\\mongoose\\lib\\schemaType.js:1388:9\n' +
    '    at process.processTicksAndRejections (node:internal/process/task_queues:77:11)',
  timestamp: '2024-10-21 17:04:47'
}
